Sandbox logs:
{
  "sandboxLog": "[ERROR] Runtime.ImportModuleError: Unable to import module 'app': No module named 'utils'\\n{\"errorMessage\":\"2025-03-31T12:28:00.309Z c03de1de-f762-414d-894a-c30b877623c0 Task timed out after 1.02 seconds\"}",
  "lambdaLog": "[ERROR] Runtime.ImportModuleError: Unable to import module 'app': No module named 'utils'\\n{\"errorMessage\":\"2025-03-31T12:28:00.309Z c03de1de-f762-414d-894a-c30b877623c0 Task timed out after 1.02 seconds\"}",
  "timestamp": 0
}
{
  "sandboxLog": "[ERROR] Runtime.ImportModuleError: Unable to import module 'app': No module named 'utils'\\n{\"errorMessage\":\"2025-03-31T12:28:01.568Z d96cf615-eaf2-40e9-a006-24fbf973e44a Task timed out after 1.03 seconds\"}",
  "lambdaLog": "[ERROR] Runtime.ImportModuleError: Unable to import module 'app': No module named 'utils'\\n{\"errorMessage\":\"2025-03-31T12:28:01.568Z d96cf615-eaf2-40e9-a006-24fbf973e44a Task timed out after 1.03 seconds\"}",
  "timestamp": 100
}
{
  "sandboxLog": "\\n{\"errorMessage\":\"2025-03-31T12:28:02.666Z e1009c4b-46d0-4cbf-937e-c6662679857a Task timed out after 1.06 seconds\"}",
  "lambdaLog": "\\n{\"errorMessage\":\"2025-03-31T12:28:02.666Z e1009c4b-46d0-4cbf-937e-c6662679857a Task timed out after 1.06 seconds\"}",
  "timestamp": 200
}
{
  "sandboxLog": "[ERROR] Runtime.ImportModuleError: Unable to import module 'app': No module named 'utils'\\n{\"errorMessage\":\"2025-03-31T12:28:03.988Z 7f37dbbf-e11d-4dce-b9c1-360b74c0c500 Task timed out after 1.09 seconds\"}",
  "lambdaLog": "[ERROR] Runtime.ImportModuleError: Unable to import module 'app': No module named 'utils'\\n{\"errorMessage\":\"2025-03-31T12:28:03.988Z 7f37dbbf-e11d-4dce-b9c1-360b74c0c500 Task timed out after 1.09 seconds\"}",
  "timestamp": 300
}
{
  "sandboxLog": "\\n{\"errorMessage\":\"2025-03-31T12:28:05.088Z b66bdbc7-e269-4938-b690-015adfeb69be Task timed out after 1.06 seconds\"}",
  "lambdaLog": "\\n{\"errorMessage\":\"2025-03-31T12:28:05.088Z b66bdbc7-e269-4938-b690-015adfeb69be Task timed out after 1.06 seconds\"}",
  "timestamp": 400
}
{
  "sandboxLog": "\\n{\"errorMessage\":\"2025-03-31T12:28:06.167Z 2782f66a-48d6-4293-987f-f96405286189 Task timed out after 1.04 seconds\"}",
  "lambdaLog": "\\n{\"errorMessage\":\"2025-03-31T12:28:06.167Z 2782f66a-48d6-4293-987f-f96405286189 Task timed out after 1.04 seconds\"}",
  "timestamp": 500
}
{
  "sandboxLog": "\\n{\"errorMessage\":\"2025-03-31T12:28:07.388Z 671f69c5-a106-48e8-b51d-80e92d197800 Task timed out after 1.19 seconds\"}",
  "lambdaLog": "\\n{\"errorMessage\":\"2025-03-31T12:28:07.388Z 671f69c5-a106-48e8-b51d-80e92d197800 Task timed out after 1.19 seconds\"}",
  "timestamp": 600
}
{
  "sandboxLog": "[ERROR] Runtime.ImportModuleError: Unable to import module 'app': No module named 'utils'\\n{\"errorMessage\":\"2025-03-31T12:28:08.668Z b2152a38-f12b-43ad-ba81-0e5397e41862 Task timed out after 1.04 seconds\"}",
  "lambdaLog": "[ERROR] Runtime.ImportModuleError: Unable to import module 'app': No module named 'utils'\\n{\"errorMessage\":\"2025-03-31T12:28:08.668Z b2152a38-f12b-43ad-ba81-0e5397e41862 Task timed out after 1.04 seconds\"}",
  "timestamp": 700
}
{
  "sandboxLog": "\\n{\"errorMessage\":\"2025-03-31T12:28:09.807Z 12f3b68c-0df0-4fd4-98b7-42cd5f35f89f Task timed out after 1.08 seconds\"}",
  "lambdaLog": "\\n{\"errorMessage\":\"2025-03-31T12:28:09.807Z 12f3b68c-0df0-4fd4-98b7-42cd5f35f89f Task timed out after 1.08 seconds\"}",
  "timestamp": 800
}
{
  "sandboxLog": "\\n{\"errorMessage\":\"2025-03-31T12:28:10.907Z c5d23c83-b32c-429c-9211-0414c3c1a383 Task timed out after 1.05 seconds\"}",
  "lambdaLog": "\\n{\"errorMessage\":\"2025-03-31T12:28:10.907Z c5d23c83-b32c-429c-9211-0414c3c1a383 Task timed out after 1.05 seconds\"}",
  "timestamp": 900
}
{
  "sandboxLog": "\\n{\"errorMessage\":\"2025-03-31T12:28:11.968Z 8afd0925-412c-4a95-84ec-189fc5e01cb4 Task timed out after 1.02 seconds\"}",
  "lambdaLog": "\\n{\"errorMessage\":\"2025-03-31T12:28:11.968Z 8afd0925-412c-4a95-84ec-189fc5e01cb4 Task timed out after 1.02 seconds\"}",
  "timestamp": 1000
}
{
  "sandboxLog": "\\n{\"errorMessage\":\"2025-03-31T12:28:13.048Z 5bccd384-2fc6-4eec-9bef-ae375d9d4821 Task timed out after 1.04 seconds\"}",
  "lambdaLog": "\\n{\"errorMessage\":\"2025-03-31T12:28:13.048Z 5bccd384-2fc6-4eec-9bef-ae375d9d4821 Task timed out after 1.04 seconds\"}",
  "timestamp": 1100
}
{
  "sandboxLog": "\\n{\"errorMessage\":\"2025-03-31T12:28:14.168Z 76deddb7-ef75-452d-89d2-15445611f437 Task timed out after 1.06 seconds\"}",
  "lambdaLog": "\\n{\"errorMessage\":\"2025-03-31T12:28:14.168Z 76deddb7-ef75-452d-89d2-15445611f437 Task timed out after 1.06 seconds\"}",
  "timestamp": 1200
}
{
  "sandboxLog": "\\n{\"errorMessage\":\"2025-03-31T12:28:15.247Z 53036466-fdd2-4b89-af90-d08cf6fa228b Task timed out after 1.03 seconds\"}",
  "lambdaLog": "\\n{\"errorMessage\":\"2025-03-31T12:28:15.247Z 53036466-fdd2-4b89-af90-d08cf6fa228b Task timed out after 1.03 seconds\"}",
  "timestamp": 1300
}
{
  "sandboxLog": "\\n{\"errorMessage\":\"2025-03-31T12:28:16.389Z 06474b10-12c9-406b-9f7f-89148aa7f178 Task timed out after 1.10 seconds\"}",
  "lambdaLog": "\\n{\"errorMessage\":\"2025-03-31T12:28:16.389Z 06474b10-12c9-406b-9f7f-89148aa7f178 Task timed out after 1.10 seconds\"}",
  "timestamp": 1400
}
{
  "sandboxLog": "[ERROR] Runtime.ImportModuleError: Unable to import module 'app': No module named 'utils'\\n{\"errorMessage\":\"2025-03-31T12:28:17.648Z 89f09077-d909-4aba-be7e-fe5ac2ce7ba7 Task timed out after 1.04 seconds\"}",
  "lambdaLog": "[ERROR] Runtime.ImportModuleError: Unable to import module 'app': No module named 'utils'\\n{\"errorMessage\":\"2025-03-31T12:28:17.648Z 89f09077-d909-4aba-be7e-fe5ac2ce7ba7 Task timed out after 1.04 seconds\"}",
  "timestamp": 1500
}
{
  "sandboxLog": "\\n{\"errorMessage\":\"2025-03-31T12:28:18.808Z 23c6511b-2565-41d2-b192-1d6dcb68ffb8 Task timed out after 1.12 seconds\"}",
  "lambdaLog": "\\n{\"errorMessage\":\"2025-03-31T12:28:18.808Z 23c6511b-2565-41d2-b192-1d6dcb68ffb8 Task timed out after 1.12 seconds\"}",
  "timestamp": 1600
}
{
  "sandboxLog": "\\n{\"errorMessage\":\"2025-03-31T12:28:19.888Z 41532b12-55b2-4c53-bc22-0e0a3a32b1fd Task timed out after 1.03 seconds\"}",
  "lambdaLog": "\\n{\"errorMessage\":\"2025-03-31T12:28:19.888Z 41532b12-55b2-4c53-bc22-0e0a3a32b1fd Task timed out after 1.03 seconds\"}",
  "timestamp": 1700
}
{
  "sandboxLog": "\\n{\"errorMessage\":\"2025-03-31T12:28:20.948Z 27f49296-c572-45a4-abc2-a33122502e96 Task timed out after 1.02 seconds\"}",
  "lambdaLog": "\\n{\"errorMessage\":\"2025-03-31T12:28:20.948Z 27f49296-c572-45a4-abc2-a33122502e96 Task timed out after 1.02 seconds\"}",
  "timestamp": 1800
}
{
  "sandboxLog": "\\n{\"errorMessage\":\"2025-03-31T12:28:22.027Z dc6c7dd4-2749-4bf6-8071-324e0eda9b75 Task timed out after 1.04 seconds\"}",
  "lambdaLog": "\\n{\"errorMessage\":\"2025-03-31T12:28:22.027Z dc6c7dd4-2749-4bf6-8071-324e0eda9b75 Task timed out after 1.04 seconds\"}",
  "timestamp": 1900
}
{
  "sandboxLog": "\\n{\"errorMessage\":\"2025-03-31T12:28:23.087Z 830ce086-cb45-4c74-9408-e5a32d40761c Task timed out after 1.03 seconds\"}",
  "lambdaLog": "\\n{\"errorMessage\":\"2025-03-31T12:28:23.087Z 830ce086-cb45-4c74-9408-e5a32d40761c Task timed out after 1.03 seconds\"}",
  "timestamp": 2000
}
{
  "sandboxLog": "\\n{\"errorMessage\":\"2025-03-31T12:28:24.147Z c90a25f9-60be-4418-a248-c03e29d5a495 Task timed out after 1.02 seconds\"}",
  "lambdaLog": "\\n{\"errorMessage\":\"2025-03-31T12:28:24.147Z c90a25f9-60be-4418-a248-c03e29d5a495 Task timed out after 1.02 seconds\"}",
  "timestamp": 2100
}
{
  "sandboxLog": "\\n{\"errorMessage\":\"2025-03-31T12:28:25.267Z 195fe926-a052-4ba3-b260-adffb47d9b5d Task timed out after 1.08 seconds\"}",
  "lambdaLog": "\\n{\"errorMessage\":\"2025-03-31T12:28:25.267Z 195fe926-a052-4ba3-b260-adffb47d9b5d Task timed out after 1.08 seconds\"}",
  "timestamp": 2200
}
{
  "sandboxLog": "\\n{\"errorMessage\":\"2025-03-31T12:28:26.348Z 14a3da12-3ad6-4fc1-bbfa-c341464159a6 Task timed out after 1.06 seconds\"}",
  "lambdaLog": "\\n{\"errorMessage\":\"2025-03-31T12:28:26.348Z 14a3da12-3ad6-4fc1-bbfa-c341464159a6 Task timed out after 1.06 seconds\"}",
  "timestamp": 2300
}
{
  "sandboxLog": "\\n{\"errorMessage\":\"2025-03-31T12:28:27.408Z ad135682-3b62-42f8-adef-d22f62cd5dc0 Task timed out after 1.02 seconds\"}",
  "lambdaLog": "\\n{\"errorMessage\":\"2025-03-31T12:28:27.408Z ad135682-3b62-42f8-adef-d22f62cd5dc0 Task timed out after 1.02 seconds\"}",
  "timestamp": 2400
}
{
  "sandboxLog": "\\n{\"errorMessage\":\"2025-03-31T12:28:28.527Z d3f7b30a-d38f-4406-adb8-9a48418a899e Task timed out after 1.08 seconds\"}",
  "lambdaLog": "\\n{\"errorMessage\":\"2025-03-31T12:28:28.527Z d3f7b30a-d38f-4406-adb8-9a48418a899e Task timed out after 1.08 seconds\"}",
  "timestamp": 2500
}
{
  "sandboxLog": "\\n{\"errorMessage\":\"2025-03-31T12:28:29.608Z f323c564-5971-4637-a6bc-3ac56b9ac477 Task timed out after 1.05 seconds\"}",
  "lambdaLog": "\\n{\"errorMessage\":\"2025-03-31T12:28:29.608Z f323c564-5971-4637-a6bc-3ac56b9ac477 Task timed out after 1.05 seconds\"}",
  "timestamp": 2600
}
{
  "sandboxLog": "\\n{\"errorMessage\":\"2025-03-31T12:28:30.687Z 5b60e84b-419f-4cff-9fd5-16410530a469 Task timed out after 1.04 seconds\"}",
  "lambdaLog": "\\n{\"errorMessage\":\"2025-03-31T12:28:30.687Z 5b60e84b-419f-4cff-9fd5-16410530a469 Task timed out after 1.04 seconds\"}",
  "timestamp": 2700
}
{
  "sandboxLog": "\\n{\"errorMessage\":\"2025-03-31T12:28:31.748Z 2f1d3949-44bc-4174-ba9f-101aabcfe6e8 Task timed out after 1.01 seconds\"}",
  "lambdaLog": "\\n{\"errorMessage\":\"2025-03-31T12:28:31.748Z 2f1d3949-44bc-4174-ba9f-101aabcfe6e8 Task timed out after 1.01 seconds\"}",
  "timestamp": 2800
}
{
  "sandboxLog": "\\n{\"errorMessage\":\"2025-03-31T12:28:32.887Z a0ebb743-c5f5-4054-a9f3-df5f79eb5fda Task timed out after 1.08 seconds\"}",
  "lambdaLog": "\\n{\"errorMessage\":\"2025-03-31T12:28:32.887Z a0ebb743-c5f5-4054-a9f3-df5f79eb5fda Task timed out after 1.08 seconds\"}",
  "timestamp": 2900
}
{
  "sandboxLog": "[ERROR] Runtime.ImportModuleError: Unable to import module 'app': No module named 'utils'\\n{\"errorMessage\":\"2025-03-31T12:28:34.227Z 7ccee085-fced-495e-bb75-b546d1228d05 Task timed out after 1.12 seconds\"}",
  "lambdaLog": "[ERROR] Runtime.ImportModuleError: Unable to import module 'app': No module named 'utils'\\n{\"errorMessage\":\"2025-03-31T12:28:34.227Z 7ccee085-fced-495e-bb75-b546d1228d05 Task timed out after 1.12 seconds\"}",
  "timestamp": 3000
}
{
  "sandboxLog": "\\n{\"errorMessage\":\"2025-03-31T12:28:35.348Z cb7158d8-2e02-4397-ad44-65c4083c8552 Task timed out after 1.08 seconds\"}",
  "lambdaLog": "\\n{\"errorMessage\":\"2025-03-31T12:28:35.348Z cb7158d8-2e02-4397-ad44-65c4083c8552 Task timed out after 1.08 seconds\"}",
  "timestamp": 3100
}
{
  "sandboxLog": "\\n{\"errorMessage\":\"2025-03-31T12:28:36.448Z 2fa1d9a8-3437-414f-bb3d-5cf34f9c60a6 Task timed out after 1.05 seconds\"}",
  "lambdaLog": "\\n{\"errorMessage\":\"2025-03-31T12:28:36.448Z 2fa1d9a8-3437-414f-bb3d-5cf34f9c60a6 Task timed out after 1.05 seconds\"}",
  "timestamp": 3200
}
{
  "sandboxLog": "\\n{\"errorMessage\":\"2025-03-31T12:28:37.588Z a7ebda94-ccbe-4adb-b870-80d1c719b2f3 Task timed out after 1.08 seconds\"}",
  "lambdaLog": "\\n{\"errorMessage\":\"2025-03-31T12:28:37.588Z a7ebda94-ccbe-4adb-b870-80d1c719b2f3 Task timed out after 1.08 seconds\"}",
  "timestamp": 3300
}
{
  "sandboxLog": "\\n{\"errorMessage\":\"2025-03-31T12:28:38.747Z 9bf1ce13-af03-474b-869f-d7af096f5d41 Task timed out after 1.11 seconds\"}",
  "lambdaLog": "\\n{\"errorMessage\":\"2025-03-31T12:28:38.747Z 9bf1ce13-af03-474b-869f-d7af096f5d41 Task timed out after 1.11 seconds\"}",
  "timestamp": 3400
}
{
  "sandboxLog": "\\n{\"errorMessage\":\"2025-03-31T12:28:39.847Z a18e94a2-1148-4097-b8da-86f18f83ef66 Task timed out after 1.06 seconds\"}",
  "lambdaLog": "\\n{\"errorMessage\":\"2025-03-31T12:28:39.847Z a18e94a2-1148-4097-b8da-86f18f83ef66 Task timed out after 1.06 seconds\"}",
  "timestamp": 3500
}
{
  "sandboxLog": "\\n{\"errorMessage\":\"2025-03-31T12:28:40.968Z 05879b24-8327-4663-97c5-003fdcb0fca5 Task timed out after 1.08 seconds\"}",
  "lambdaLog": "\\n{\"errorMessage\":\"2025-03-31T12:28:40.968Z 05879b24-8327-4663-97c5-003fdcb0fca5 Task timed out after 1.08 seconds\"}",
  "timestamp": 3600
}
{
  "sandboxLog": "\\n{\"errorMessage\":\"2025-03-31T12:28:42.047Z 525e39c2-4018-41fb-aa5d-65300c32f2ef Task timed out after 1.04 seconds\"}",
  "lambdaLog": "\\n{\"errorMessage\":\"2025-03-31T12:28:42.047Z 525e39c2-4018-41fb-aa5d-65300c32f2ef Task timed out after 1.04 seconds\"}",
  "timestamp": 3700
}
{
  "sandboxLog": "\\n{\"errorMessage\":\"2025-03-31T12:28:43.088Z aed74674-2b7e-4c31-b265-4110e80d8bbf Task timed out after 1.00 seconds\"}",
  "lambdaLog": "\\n{\"errorMessage\":\"2025-03-31T12:28:43.088Z aed74674-2b7e-4c31-b265-4110e80d8bbf Task timed out after 1.00 seconds\"}",
  "timestamp": 3800
}
{
  "sandboxLog": "\\n{\"errorMessage\":\"2025-03-31T12:28:44.167Z 2a19d90f-935a-44eb-9a87-9bb780f25dce Task timed out after 1.02 seconds\"}",
  "lambdaLog": "\\n{\"errorMessage\":\"2025-03-31T12:28:44.167Z 2a19d90f-935a-44eb-9a87-9bb780f25dce Task timed out after 1.02 seconds\"}",
  "timestamp": 3900
}
{
  "sandboxLog": "\\n{\"errorMessage\":\"2025-03-31T12:28:45.247Z c31f0ad8-2aee-4054-bf36-f40ca5b51a06 Task timed out after 1.02 seconds\"}",
  "lambdaLog": "\\n{\"errorMessage\":\"2025-03-31T12:28:45.247Z c31f0ad8-2aee-4054-bf36-f40ca5b51a06 Task timed out after 1.02 seconds\"}",
  "timestamp": 4000
}
{
  "sandboxLog": "\\n{\"errorMessage\":\"2025-03-31T12:28:46.387Z 4986853b-d137-46d7-88e1-6fad4988e443 Task timed out after 1.09 seconds\"}",
  "lambdaLog": "\\n{\"errorMessage\":\"2025-03-31T12:28:46.387Z 4986853b-d137-46d7-88e1-6fad4988e443 Task timed out after 1.09 seconds\"}",
  "timestamp": 4100
}
{
  "sandboxLog": "\\n{\"errorMessage\":\"2025-03-31T12:28:47.467Z 099e7b4c-9360-4a70-8cc0-1611fa0aa750 Task timed out after 1.04 seconds\"}",
  "lambdaLog": "\\n{\"errorMessage\":\"2025-03-31T12:28:47.467Z 099e7b4c-9360-4a70-8cc0-1611fa0aa750 Task timed out after 1.04 seconds\"}",
  "timestamp": 4200
}
{
  "sandboxLog": "\\n{\"errorMessage\":\"2025-03-31T12:28:48.647Z 050397ff-cf8b-4e22-a4a9-d00f340e2163 Task timed out after 1.14 seconds\"}",
  "lambdaLog": "\\n{\"errorMessage\":\"2025-03-31T12:28:48.647Z 050397ff-cf8b-4e22-a4a9-d00f340e2163 Task timed out after 1.14 seconds\"}",
  "timestamp": 4300
}
{
  "sandboxLog": "\\n{\"errorMessage\":\"2025-03-31T12:28:49.747Z 7d0a35c2-8c2a-4771-a13a-4794c6aa9408 Task timed out after 1.08 seconds\"}",
  "lambdaLog": "\\n{\"errorMessage\":\"2025-03-31T12:28:49.747Z 7d0a35c2-8c2a-4771-a13a-4794c6aa9408 Task timed out after 1.08 seconds\"}",
  "timestamp": 4400
}
{
  "sandboxLog": "\\n{\"errorMessage\":\"2025-03-31T12:28:50.827Z 0387d771-2e1f-4a0e-b38b-a4fdc2350139 Task timed out after 1.04 seconds\"}",
  "lambdaLog": "\\n{\"errorMessage\":\"2025-03-31T12:28:50.827Z 0387d771-2e1f-4a0e-b38b-a4fdc2350139 Task timed out after 1.04 seconds\"}",
  "timestamp": 4500
}
{
  "sandboxLog": "\\n{\"errorMessage\":\"2025-03-31T12:28:52.008Z abfb8018-c9e1-4785-86f1-6c9daae500cb Task timed out after 1.12 seconds\"}",
  "lambdaLog": "\\n{\"errorMessage\":\"2025-03-31T12:28:52.008Z abfb8018-c9e1-4785-86f1-6c9daae500cb Task timed out after 1.12 seconds\"}",
  "timestamp": 4600
}
{
  "sandboxLog": "\\n{\"errorMessage\":\"2025-03-31T12:28:53.088Z 344d83c3-9790-4950-9cce-869500e854ad Task timed out after 1.02 seconds\"}",
  "lambdaLog": "\\n{\"errorMessage\":\"2025-03-31T12:28:53.088Z 344d83c3-9790-4950-9cce-869500e854ad Task timed out after 1.02 seconds\"}",
  "timestamp": 4700
}
{
  "sandboxLog": "\\n{\"errorMessage\":\"2025-03-31T12:28:54.187Z 5eb4895d-ab53-4119-a0d3-b2f61ed2f47e Task timed out after 1.06 seconds\"}",
  "lambdaLog": "\\n{\"errorMessage\":\"2025-03-31T12:28:54.187Z 5eb4895d-ab53-4119-a0d3-b2f61ed2f47e Task timed out after 1.06 seconds\"}",
  "timestamp": 4800
}
{
  "sandboxLog": "\\n{\"errorMessage\":\"2025-03-31T12:28:55.248Z 32e77aaf-d7df-47d1-9141-be3f32538c01 Task timed out after 1.02 seconds\"}",
  "lambdaLog": "\\n{\"errorMessage\":\"2025-03-31T12:28:55.248Z 32e77aaf-d7df-47d1-9141-be3f32538c01 Task timed out after 1.02 seconds\"}",
  "timestamp": 4900
}
{
  "sandboxLog": "\\n{\"errorMessage\":\"2025-03-31T12:28:56.327Z d589c29d-a936-4258-a2c6-790146bc3310 Task timed out after 1.02 seconds\"}",
  "lambdaLog": "\\n{\"errorMessage\":\"2025-03-31T12:28:56.327Z d589c29d-a936-4258-a2c6-790146bc3310 Task timed out after 1.02 seconds\"}",
  "timestamp": 5000
}
{
  "sandboxLog": "\\n{\"errorMessage\":\"2025-03-31T12:28:57.388Z fb39c406-968c-4da4-8483-15a7f1c91742 Task timed out after 1.02 seconds\"}",
  "lambdaLog": "\\n{\"errorMessage\":\"2025-03-31T12:28:57.388Z fb39c406-968c-4da4-8483-15a7f1c91742 Task timed out after 1.02 seconds\"}",
  "timestamp": 5100
}
{
  "sandboxLog": "\\n{\"errorMessage\":\"2025-03-31T12:28:58.508Z 5a87466b-5a57-4a66-9891-e5afd956d11a Task timed out after 1.06 seconds\"}",
  "lambdaLog": "\\n{\"errorMessage\":\"2025-03-31T12:28:58.508Z 5a87466b-5a57-4a66-9891-e5afd956d11a Task timed out after 1.06 seconds\"}",
  "timestamp": 5200
}
{
  "sandboxLog": "\\n{\"errorMessage\":\"2025-03-31T12:28:59.588Z ef17d5e1-880d-4fc3-bfbe-f5f6b8f98f5a Task timed out after 1.02 seconds\"}",
  "lambdaLog": "\\n{\"errorMessage\":\"2025-03-31T12:28:59.588Z ef17d5e1-880d-4fc3-bfbe-f5f6b8f98f5a Task timed out after 1.02 seconds\"}",
  "timestamp": 5300
}
{
  "sandboxLog": "\\n{\"errorMessage\":\"2025-03-31T12:29:00.667Z 7434135d-8540-40d5-957e-97661e6b9a9e Task timed out after 1.02 seconds\"}",
  "lambdaLog": "\\n{\"errorMessage\":\"2025-03-31T12:29:00.667Z 7434135d-8540-40d5-957e-97661e6b9a9e Task timed out after 1.02 seconds\"}",
  "timestamp": 5400
}
{
  "sandboxLog": "\\n{\"errorMessage\":\"2025-03-31T12:29:01.728Z d356f39c-f4eb-474b-bf7a-c22436a9df53 Task timed out after 1.02 seconds\"}",
  "lambdaLog": "\\n{\"errorMessage\":\"2025-03-31T12:29:01.728Z d356f39c-f4eb-474b-bf7a-c22436a9df53 Task timed out after 1.02 seconds\"}",
  "timestamp": 5500
}
{
  "sandboxLog": "\\n{\"errorMessage\":\"2025-03-31T12:29:02.888Z 03bb5d97-4c32-4058-b813-43afc501b9dd Task timed out after 1.10 seconds\"}",
  "lambdaLog": "\\n{\"errorMessage\":\"2025-03-31T12:29:02.888Z 03bb5d97-4c32-4058-b813-43afc501b9dd Task timed out after 1.10 seconds\"}",
  "timestamp": 5600
}
{
  "sandboxLog": "\\n{\"errorMessage\":\"2025-03-31T12:29:03.968Z 61cace2b-b84f-4150-9c48-98114b716152 Task timed out after 1.04 seconds\"}",
  "lambdaLog": "\\n{\"errorMessage\":\"2025-03-31T12:29:03.968Z 61cace2b-b84f-4150-9c48-98114b716152 Task timed out after 1.04 seconds\"}",
  "timestamp": 5700
}
{
  "sandboxLog": "\\n{\"errorMessage\":\"2025-03-31T12:29:05.048Z 3411775c-dfdc-4e49-bd2a-ced383b022b1 Task timed out after 1.02 seconds\"}",
  "lambdaLog": "\\n{\"errorMessage\":\"2025-03-31T12:29:05.048Z 3411775c-dfdc-4e49-bd2a-ced383b022b1 Task timed out after 1.02 seconds\"}",
  "timestamp": 5800
}
{
  "sandboxLog": "[ERROR] Runtime.ImportModuleError: Unable to import module 'app': No module named 'utils'\\n{\"errorMessage\":\"2025-03-31T12:29:06.327Z 3eb236fd-5f97-4e1a-9bbb-32ad0ffca06e Task timed out after 1.04 seconds\"}",
  "lambdaLog": "[ERROR] Runtime.ImportModuleError: Unable to import module 'app': No module named 'utils'\\n{\"errorMessage\":\"2025-03-31T12:29:06.327Z 3eb236fd-5f97-4e1a-9bbb-32ad0ffca06e Task timed out after 1.04 seconds\"}",
  "timestamp": 5900
}
{
  "sandboxLog": "\\n{\"errorMessage\":\"2025-03-31T12:29:07.468Z b5a1c6ec-a82d-4768-bd43-0bc4840f1059 Task timed out after 1.10 seconds\"}",
  "lambdaLog": "\\n{\"errorMessage\":\"2025-03-31T12:29:07.468Z b5a1c6ec-a82d-4768-bd43-0bc4840f1059 Task timed out after 1.10 seconds\"}",
  "timestamp": 6000
}
{
  "sandboxLog": "\\n{\"errorMessage\":\"2025-03-31T12:29:08.667Z d42e948a-5dd7-44da-be59-a16676d0ad89 Task timed out after 1.16 seconds\"}",
  "lambdaLog": "\\n{\"errorMessage\":\"2025-03-31T12:29:08.667Z d42e948a-5dd7-44da-be59-a16676d0ad89 Task timed out after 1.16 seconds\"}",
  "timestamp": 6100
}
{
  "sandboxLog": "\\n{\"errorMessage\":\"2025-03-31T12:29:09.847Z cccea90b-4f86-4de5-b1f7-b5b64d50d294 Task timed out after 1.14 seconds\"}",
  "lambdaLog": "\\n{\"errorMessage\":\"2025-03-31T12:29:09.847Z cccea90b-4f86-4de5-b1f7-b5b64d50d294 Task timed out after 1.14 seconds\"}",
  "timestamp": 6200
}
{
  "sandboxLog": "\\n{\"errorMessage\":\"2025-03-31T12:29:10.968Z 6ef0e6c2-d68c-455c-9dc9-3cb41a9623d0 Task timed out after 1.08 seconds\"}",
  "lambdaLog": "\\n{\"errorMessage\":\"2025-03-31T12:29:10.968Z 6ef0e6c2-d68c-455c-9dc9-3cb41a9623d0 Task timed out after 1.08 seconds\"}",
  "timestamp": 6300
}
{
  "sandboxLog": "\\n{\"errorMessage\":\"2025-03-31T12:29:12.088Z df62d6fc-eb7f-4716-a4bd-ac92cb6802d7 Task timed out after 1.06 seconds\"}",
  "lambdaLog": "\\n{\"errorMessage\":\"2025-03-31T12:29:12.088Z df62d6fc-eb7f-4716-a4bd-ac92cb6802d7 Task timed out after 1.06 seconds\"}",
  "timestamp": 6400
}
{
  "sandboxLog": "\\n{\"errorMessage\":\"2025-03-31T12:29:13.187Z 0f51fc25-87b3-4869-b20d-cc92d8b0aa9f Task timed out after 1.05 seconds\"}",
  "lambdaLog": "\\n{\"errorMessage\":\"2025-03-31T12:29:13.187Z 0f51fc25-87b3-4869-b20d-cc92d8b0aa9f Task timed out after 1.05 seconds\"}",
  "timestamp": 6500
}
{
  "sandboxLog": "\\n{\"errorMessage\":\"2025-03-31T12:29:14.507Z 3888161d-80a5-45ea-9487-aa012e78229a Task timed out after 1.28 seconds\"}",
  "lambdaLog": "\\n{\"errorMessage\":\"2025-03-31T12:29:14.507Z 3888161d-80a5-45ea-9487-aa012e78229a Task timed out after 1.28 seconds\"}",
  "timestamp": 6600
}
{
  "sandboxLog": "\\n{\"errorMessage\":\"2025-03-31T12:29:15.648Z 97ba44a8-355a-4a3d-8dbd-ac3db5fb80c0 Task timed out after 1.10 seconds\"}",
  "lambdaLog": "\\n{\"errorMessage\":\"2025-03-31T12:29:15.648Z 97ba44a8-355a-4a3d-8dbd-ac3db5fb80c0 Task timed out after 1.10 seconds\"}",
  "timestamp": 6700
}
{
  "sandboxLog": "\\n{\"errorMessage\":\"2025-03-31T12:29:16.827Z baaf4c4b-38e5-4410-871a-db2e0123e49c Task timed out after 1.14 seconds\"}",
  "lambdaLog": "\\n{\"errorMessage\":\"2025-03-31T12:29:16.827Z baaf4c4b-38e5-4410-871a-db2e0123e49c Task timed out after 1.14 seconds\"}",
  "timestamp": 6800
}
{
  "sandboxLog": "\\n{\"errorMessage\":\"2025-03-31T12:29:17.947Z 81c3d9bc-473f-4114-81ce-2709799cb9e5 Task timed out after 1.08 seconds\"}",
  "lambdaLog": "\\n{\"errorMessage\":\"2025-03-31T12:29:17.947Z 81c3d9bc-473f-4114-81ce-2709799cb9e5 Task timed out after 1.08 seconds\"}",
  "timestamp": 6900
}
{
  "sandboxLog": "\\n{\"errorMessage\":\"2025-03-31T12:29:19.087Z de5a213e-2d7b-49a8-84ca-3d195ad929a6 Task timed out after 1.10 seconds\"}",
  "lambdaLog": "\\n{\"errorMessage\":\"2025-03-31T12:29:19.087Z de5a213e-2d7b-49a8-84ca-3d195ad929a6 Task timed out after 1.10 seconds\"}",
  "timestamp": 7000
}
{
  "sandboxLog": "\\n{\"errorMessage\":\"2025-03-31T12:29:20.188Z 61b65d04-f8b2-4efb-b317-735ae2d569e7 Task timed out after 1.04 seconds\"}",
  "lambdaLog": "\\n{\"errorMessage\":\"2025-03-31T12:29:20.188Z 61b65d04-f8b2-4efb-b317-735ae2d569e7 Task timed out after 1.04 seconds\"}",
  "timestamp": 7100
}
{
  "sandboxLog": "\\n{\"errorMessage\":\"2025-03-31T12:29:21.269Z b364ce65-4e71-4e1a-a1b7-33d34ee0f6f0 Task timed out after 1.02 seconds\"}",
  "lambdaLog": "\\n{\"errorMessage\":\"2025-03-31T12:29:21.269Z b364ce65-4e71-4e1a-a1b7-33d34ee0f6f0 Task timed out after 1.02 seconds\"}",
  "timestamp": 7200
}
{
  "sandboxLog": "\\n{\"errorMessage\":\"2025-03-31T12:29:22.387Z 5357a465-e045-4bdf-b7d2-a43d45f7f508 Task timed out after 1.08 seconds\"}",
  "lambdaLog": "\\n{\"errorMessage\":\"2025-03-31T12:29:22.387Z 5357a465-e045-4bdf-b7d2-a43d45f7f508 Task timed out after 1.08 seconds\"}",
  "timestamp": 7300
}
{
  "sandboxLog": "\\n{\"errorMessage\":\"2025-03-31T12:29:23.608Z d27cf0ce-89f7-41a1-b873-f3ed8d36e8f7 Task timed out after 1.18 seconds\"}",
  "lambdaLog": "\\n{\"errorMessage\":\"2025-03-31T12:29:23.608Z d27cf0ce-89f7-41a1-b873-f3ed8d36e8f7 Task timed out after 1.18 seconds\"}",
  "timestamp": 7400
}
{
  "sandboxLog": "\\n{\"errorMessage\":\"2025-03-31T12:29:24.712Z 94afca03-e4c4-4907-ab19-af86f481173d Task timed out after 1.05 seconds\"}",
  "lambdaLog": "\\n{\"errorMessage\":\"2025-03-31T12:29:24.712Z 94afca03-e4c4-4907-ab19-af86f481173d Task timed out after 1.05 seconds\"}",
  "timestamp": 7500
}
{
  "sandboxLog": "\\n{\"errorMessage\":\"2025-03-31T12:29:25.789Z f48e4b7f-4a2e-485e-a326-741f7c680a8c Task timed out after 1.03 seconds\"}",
  "lambdaLog": "\\n{\"errorMessage\":\"2025-03-31T12:29:25.789Z f48e4b7f-4a2e-485e-a326-741f7c680a8c Task timed out after 1.03 seconds\"}",
  "timestamp": 7600
}
{
  "sandboxLog": "\\n{\"errorMessage\":\"2025-03-31T12:29:26.928Z e7eb11ab-7461-42c7-bd26-7cb1acf0c7d3 Task timed out after 1.06 seconds\"}",
  "lambdaLog": "\\n{\"errorMessage\":\"2025-03-31T12:29:26.928Z e7eb11ab-7461-42c7-bd26-7cb1acf0c7d3 Task timed out after 1.06 seconds\"}",
  "timestamp": 7700
}
{
  "sandboxLog": "\\n{\"errorMessage\":\"2025-03-31T12:29:28.167Z 8e30a523-feb1-403e-9c89-da27578c2d5a Task timed out after 1.19 seconds\"}",
  "lambdaLog": "\\n{\"errorMessage\":\"2025-03-31T12:29:28.167Z 8e30a523-feb1-403e-9c89-da27578c2d5a Task timed out after 1.19 seconds\"}",
  "timestamp": 7800
}
{
  "sandboxLog": "\\n{\"errorMessage\":\"2025-03-31T12:29:29.288Z 224b1cd9-17af-4024-b1cc-a7430f8d15db Task timed out after 1.06 seconds\"}",
  "lambdaLog": "\\n{\"errorMessage\":\"2025-03-31T12:29:29.288Z 224b1cd9-17af-4024-b1cc-a7430f8d15db Task timed out after 1.06 seconds\"}",
  "timestamp": 7900
}
{
  "sandboxLog": "\\n{\"errorMessage\":\"2025-03-31T12:29:30.388Z d36a24e3-731a-426f-89a3-5cf5820e3909 Task timed out after 1.04 seconds\"}",
  "lambdaLog": "\\n{\"errorMessage\":\"2025-03-31T12:29:30.388Z d36a24e3-731a-426f-89a3-5cf5820e3909 Task timed out after 1.04 seconds\"}",
  "timestamp": 8000
}
{
  "sandboxLog": "\\n{\"errorMessage\":\"2025-03-31T12:29:31.508Z f5b49c80-c3d9-42b1-aa49-8062439ecb39 Task timed out after 1.07 seconds\"}",
  "lambdaLog": "\\n{\"errorMessage\":\"2025-03-31T12:29:31.508Z f5b49c80-c3d9-42b1-aa49-8062439ecb39 Task timed out after 1.07 seconds\"}",
  "timestamp": 8100
}
{
  "sandboxLog": "\\n{\"errorMessage\":\"2025-03-31T12:29:32.588Z 2f286f8f-0cd8-4486-8d03-482be4b06a5c Task timed out after 1.05 seconds\"}",
  "lambdaLog": "\\n{\"errorMessage\":\"2025-03-31T12:29:32.588Z 2f286f8f-0cd8-4486-8d03-482be4b06a5c Task timed out after 1.05 seconds\"}",
  "timestamp": 8200
}
{
  "sandboxLog": "\\n{\"errorMessage\":\"2025-03-31T12:29:33.689Z be829f55-351d-4078-8209-e77cde3a9ae2 Task timed out after 1.03 seconds\"}",
  "lambdaLog": "\\n{\"errorMessage\":\"2025-03-31T12:29:33.689Z be829f55-351d-4078-8209-e77cde3a9ae2 Task timed out after 1.03 seconds\"}",
  "timestamp": 8300
}
{
  "sandboxLog": "\\n{\"errorMessage\":\"2025-03-31T12:29:34.788Z dd31e1f2-c0a2-4410-89ca-bedc4e7ddc72 Task timed out after 1.04 seconds\"}",
  "lambdaLog": "\\n{\"errorMessage\":\"2025-03-31T12:29:34.788Z dd31e1f2-c0a2-4410-89ca-bedc4e7ddc72 Task timed out after 1.04 seconds\"}",
  "timestamp": 8400
}
{
  "sandboxLog": "\\n{\"errorMessage\":\"2025-03-31T12:29:35.888Z 7d51c33e-9fdd-435b-b430-f74a6f3528e0 Task timed out after 1.06 seconds\"}",
  "lambdaLog": "\\n{\"errorMessage\":\"2025-03-31T12:29:35.888Z 7d51c33e-9fdd-435b-b430-f74a6f3528e0 Task timed out after 1.06 seconds\"}",
  "timestamp": 8500
}
{
  "sandboxLog": "\\n{\"errorMessage\":\"2025-03-31T12:29:37.067Z 3174fa4d-fee6-4451-8634-319a4e814b4b Task timed out after 1.14 seconds\"}",
  "lambdaLog": "\\n{\"errorMessage\":\"2025-03-31T12:29:37.067Z 3174fa4d-fee6-4451-8634-319a4e814b4b Task timed out after 1.14 seconds\"}",
  "timestamp": 8600
}
{
  "sandboxLog": "\\n{\"errorMessage\":\"2025-03-31T12:29:38.287Z 59de0185-51fb-439c-8b0b-5a9256d12138 Task timed out after 1.18 seconds\"}",
  "lambdaLog": "\\n{\"errorMessage\":\"2025-03-31T12:29:38.287Z 59de0185-51fb-439c-8b0b-5a9256d12138 Task timed out after 1.18 seconds\"}",
  "timestamp": 8700
}
{
  "sandboxLog": "\\n{\"errorMessage\":\"2025-03-31T12:29:39.387Z 9f988f22-ab9f-4e78-843a-28630b7a2d21 Task timed out after 1.05 seconds\"}",
  "lambdaLog": "\\n{\"errorMessage\":\"2025-03-31T12:29:39.387Z 9f988f22-ab9f-4e78-843a-28630b7a2d21 Task timed out after 1.05 seconds\"}",
  "timestamp": 8800
}
{
  "sandboxLog": "\\n{\"errorMessage\":\"2025-03-31T12:29:40.487Z 1424dbcc-cfbf-4956-8a77-217ad083699e Task timed out after 1.06 seconds\"}",
  "lambdaLog": "\\n{\"errorMessage\":\"2025-03-31T12:29:40.487Z 1424dbcc-cfbf-4956-8a77-217ad083699e Task timed out after 1.06 seconds\"}",
  "timestamp": 8900
}
{
  "sandboxLog": "\\n{\"errorMessage\":\"2025-03-31T12:29:41.787Z 98805dff-31b6-4dc1-88b3-7cacf599bfeb Task timed out after 1.20 seconds\"}",
  "lambdaLog": "\\n{\"errorMessage\":\"2025-03-31T12:29:41.787Z 98805dff-31b6-4dc1-88b3-7cacf599bfeb Task timed out after 1.20 seconds\"}",
  "timestamp": 9000
}
{
  "sandboxLog": "\\n{\"errorMessage\":\"2025-03-31T12:29:42.907Z aeae8e5d-6ace-4fc1-be55-5ef51b29e672 Task timed out after 1.06 seconds\"}",
  "lambdaLog": "\\n{\"errorMessage\":\"2025-03-31T12:29:42.907Z aeae8e5d-6ace-4fc1-be55-5ef51b29e672 Task timed out after 1.06 seconds\"}",
  "timestamp": 9100
}
{
  "sandboxLog": "\\n{\"errorMessage\":\"2025-03-31T12:29:43.988Z dfc656d0-15e9-44c8-9576-ec2b1387fd4f Task timed out after 1.05 seconds\"}",
  "lambdaLog": "\\n{\"errorMessage\":\"2025-03-31T12:29:43.988Z dfc656d0-15e9-44c8-9576-ec2b1387fd4f Task timed out after 1.05 seconds\"}",
  "timestamp": 9200
}
{
  "sandboxLog": "\\n{\"errorMessage\":\"2025-03-31T12:29:45.108Z 60762eef-2b32-4eed-a4ee-bfb420d5343e Task timed out after 1.08 seconds\"}",
  "lambdaLog": "\\n{\"errorMessage\":\"2025-03-31T12:29:45.108Z 60762eef-2b32-4eed-a4ee-bfb420d5343e Task timed out after 1.08 seconds\"}",
  "timestamp": 9300
}
{
  "sandboxLog": "\\n{\"errorMessage\":\"2025-03-31T12:29:46.348Z eb869775-a94d-42dd-aedd-cbcab631e812 Task timed out after 1.19 seconds\"}",
  "lambdaLog": "\\n{\"errorMessage\":\"2025-03-31T12:29:46.348Z eb869775-a94d-42dd-aedd-cbcab631e812 Task timed out after 1.19 seconds\"}",
  "timestamp": 9400
}
{
  "sandboxLog": "\\n{\"errorMessage\":\"2025-03-31T12:29:47.468Z 08bc83f7-95e5-4379-b769-7c47d1fda399 Task timed out after 1.06 seconds\"}",
  "lambdaLog": "\\n{\"errorMessage\":\"2025-03-31T12:29:47.468Z 08bc83f7-95e5-4379-b769-7c47d1fda399 Task timed out after 1.06 seconds\"}",
  "timestamp": 9500
}
{
  "sandboxLog": "\\n{\"errorMessage\":\"2025-03-31T12:29:48.548Z 9df02852-03a7-45ea-82f1-e3c1ae609ea9 Task timed out after 1.03 seconds\"}",
  "lambdaLog": "\\n{\"errorMessage\":\"2025-03-31T12:29:48.548Z 9df02852-03a7-45ea-82f1-e3c1ae609ea9 Task timed out after 1.03 seconds\"}",
  "timestamp": 9600
}
{
  "sandboxLog": "\\n{\"errorMessage\":\"2025-03-31T12:29:49.628Z 0a65cac0-25df-4555-9bd2-74b55d2e556b Task timed out after 1.02 seconds\"}",
  "lambdaLog": "\\n{\"errorMessage\":\"2025-03-31T12:29:49.628Z 0a65cac0-25df-4555-9bd2-74b55d2e556b Task timed out after 1.02 seconds\"}",
  "timestamp": 9700
}
{
  "sandboxLog": "\\n{\"errorMessage\":\"2025-03-31T12:29:50.768Z 0b3b261b-8037-41f3-b057-b0cf69989099 Task timed out after 1.09 seconds\"}",
  "lambdaLog": "\\n{\"errorMessage\":\"2025-03-31T12:29:50.768Z 0b3b261b-8037-41f3-b057-b0cf69989099 Task timed out after 1.09 seconds\"}",
  "timestamp": 9800
}
{
  "sandboxLog": "\\n{\"errorMessage\":\"2025-03-31T12:29:51.868Z 7a7e8e2e-d2e2-4e3e-9250-73033d19f333 Task timed out after 1.04 seconds\"}",
  "lambdaLog": "\\n{\"errorMessage\":\"2025-03-31T12:29:51.868Z 7a7e8e2e-d2e2-4e3e-9250-73033d19f333 Task timed out after 1.04 seconds\"}",
  "timestamp": 9900
}
{
  "sandboxLog": "\\n{\"errorMessage\":\"2025-03-31T12:29:53.047Z 8e842335-da19-48a6-90e7-28d30a3e2f2c Task timed out after 1.13 seconds\"}",
  "lambdaLog": "\\n{\"errorMessage\":\"2025-03-31T12:29:53.047Z 8e842335-da19-48a6-90e7-28d30a3e2f2c Task timed out after 1.13 seconds\"}",
  "timestamp": 10000
}
{
  "sandboxLog": "\\n{\"errorMessage\":\"2025-03-31T12:29:54.187Z 452ea0f7-7744-4e3c-a70f-9a3eed39cf2c Task timed out after 1.10 seconds\"}",
  "lambdaLog": "\\n{\"errorMessage\":\"2025-03-31T12:29:54.187Z 452ea0f7-7744-4e3c-a70f-9a3eed39cf2c Task timed out after 1.10 seconds\"}",
  "timestamp": 10100
}
{
  "sandboxLog": "\\n{\"errorMessage\":\"2025-03-31T12:29:55.328Z fbf1e6d7-1463-4a41-8c7c-2383e741b970 Task timed out after 1.11 seconds\"}",
  "lambdaLog": "\\n{\"errorMessage\":\"2025-03-31T12:29:55.328Z fbf1e6d7-1463-4a41-8c7c-2383e741b970 Task timed out after 1.11 seconds\"}",
  "timestamp": 10200
}
{
  "sandboxLog": "\\n{\"errorMessage\":\"2025-03-31T12:29:56.407Z a1929f0c-b3a5-4f74-aeac-e4783342a5e4 Task timed out after 1.03 seconds\"}",
  "lambdaLog": "\\n{\"errorMessage\":\"2025-03-31T12:29:56.407Z a1929f0c-b3a5-4f74-aeac-e4783342a5e4 Task timed out after 1.03 seconds\"}",
  "timestamp": 10300
}
{
  "sandboxLog": "\\n{\"errorMessage\":\"2025-03-31T12:29:57.507Z 8a758726-811a-4beb-8686-c2d89db52acc Task timed out after 1.06 seconds\"}",
  "lambdaLog": "\\n{\"errorMessage\":\"2025-03-31T12:29:57.507Z 8a758726-811a-4beb-8686-c2d89db52acc Task timed out after 1.06 seconds\"}",
  "timestamp": 10400
}
{
  "sandboxLog": "\\n{\"errorMessage\":\"2025-03-31T12:29:58.628Z c3177e05-c7a9-402f-8c45-9d20d6f75b56 Task timed out after 1.07 seconds\"}",
  "lambdaLog": "\\n{\"errorMessage\":\"2025-03-31T12:29:58.628Z c3177e05-c7a9-402f-8c45-9d20d6f75b56 Task timed out after 1.07 seconds\"}",
  "timestamp": 10500
}
{
  "sandboxLog": "\\n{\"errorMessage\":\"2025-03-31T12:29:59.828Z c424516e-1d59-43cf-adc6-85a7735562f6 Task timed out after 1.13 seconds\"}",
  "lambdaLog": "\\n{\"errorMessage\":\"2025-03-31T12:29:59.828Z c424516e-1d59-43cf-adc6-85a7735562f6 Task timed out after 1.13 seconds\"}",
  "timestamp": 10600
}
{
  "sandboxLog": "\\n{\"errorMessage\":\"2025-03-31T12:30:00.929Z 6f2c0018-754c-4e5d-8a3a-4e90b559e11d Task timed out after 1.04 seconds\"}",
  "lambdaLog": "\\n{\"errorMessage\":\"2025-03-31T12:30:00.929Z 6f2c0018-754c-4e5d-8a3a-4e90b559e11d Task timed out after 1.04 seconds\"}",
  "timestamp": 10700
}
{
  "sandboxLog": "\\n{\"errorMessage\":\"2025-03-31T12:30:02.067Z 62f212c6-ea37-4a8e-8290-bc1584933df2 Task timed out after 1.08 seconds\"}",
  "lambdaLog": "\\n{\"errorMessage\":\"2025-03-31T12:30:02.067Z 62f212c6-ea37-4a8e-8290-bc1584933df2 Task timed out after 1.08 seconds\"}",
  "timestamp": 10800
}
{
  "sandboxLog": "\\n{\"errorMessage\":\"2025-03-31T12:30:03.267Z 986ed1ec-91bb-4617-869e-d5a293196f7e Task timed out after 1.16 seconds\"}",
  "lambdaLog": "\\n{\"errorMessage\":\"2025-03-31T12:30:03.267Z 986ed1ec-91bb-4617-869e-d5a293196f7e Task timed out after 1.16 seconds\"}",
  "timestamp": 10900
}
{
  "sandboxLog": "\\n{\"errorMessage\":\"2025-03-31T12:30:04.367Z a9385785-3b86-4547-b9e8-bb3c2c665b99 Task timed out after 1.06 seconds\"}",
  "lambdaLog": "\\n{\"errorMessage\":\"2025-03-31T12:30:04.367Z a9385785-3b86-4547-b9e8-bb3c2c665b99 Task timed out after 1.06 seconds\"}",
  "timestamp": 11000
}
{
  "sandboxLog": "\\n{\"errorMessage\":\"2025-03-31T12:30:05.468Z 3f6baea8-b6f3-497a-a72e-25a45d76af36 Task timed out after 1.05 seconds\"}",
  "lambdaLog": "\\n{\"errorMessage\":\"2025-03-31T12:30:05.468Z 3f6baea8-b6f3-497a-a72e-25a45d76af36 Task timed out after 1.05 seconds\"}",
  "timestamp": 11100
}
{
  "sandboxLog": "\\n{\"errorMessage\":\"2025-03-31T12:30:06.592Z 78b31638-79a3-419d-ada4-64a11446efb2 Task timed out after 1.05 seconds\"}",
  "lambdaLog": "\\n{\"errorMessage\":\"2025-03-31T12:30:06.592Z 78b31638-79a3-419d-ada4-64a11446efb2 Task timed out after 1.05 seconds\"}",
  "timestamp": 11200
}
{
  "sandboxLog": "\\n{\"errorMessage\":\"2025-03-31T12:30:07.767Z 159fb728-4826-468c-b4da-1ef79ba349ab Task timed out after 1.09 seconds\"}",
  "lambdaLog": "\\n{\"errorMessage\":\"2025-03-31T12:30:07.767Z 159fb728-4826-468c-b4da-1ef79ba349ab Task timed out after 1.09 seconds\"}",
  "timestamp": 11300
}
{
  "sandboxLog": "\\n{\"errorMessage\":\"2025-03-31T12:30:08.828Z ca8afb77-500b-4248-834e-68be251db5b8 Task timed out after 1.04 seconds\"}",
  "lambdaLog": "\\n{\"errorMessage\":\"2025-03-31T12:30:08.828Z ca8afb77-500b-4248-834e-68be251db5b8 Task timed out after 1.04 seconds\"}",
  "timestamp": 11400
}
{
  "sandboxLog": "\\n{\"errorMessage\":\"2025-03-31T12:30:09.908Z 8aea9d4b-f4e5-45ea-8bf7-7f909d6e5394 Task timed out after 1.04 seconds\"}",
  "lambdaLog": "\\n{\"errorMessage\":\"2025-03-31T12:30:09.908Z 8aea9d4b-f4e5-45ea-8bf7-7f909d6e5394 Task timed out after 1.04 seconds\"}",
  "timestamp": 11500
}
{
  "sandboxLog": "[ERROR] Runtime.ImportModuleError: Unable to import module 'app': No module named 'utils'\\n{\"errorMessage\":\"2025-03-31T12:30:11.289Z f51d64b4-27de-48e7-9bc4-f426f9d55186 Task timed out after 1.16 seconds\"}",
  "lambdaLog": "[ERROR] Runtime.ImportModuleError: Unable to import module 'app': No module named 'utils'\\n{\"errorMessage\":\"2025-03-31T12:30:11.289Z f51d64b4-27de-48e7-9bc4-f426f9d55186 Task timed out after 1.16 seconds\"}",
  "timestamp": 11600
}
{
  "sandboxLog": "\\n{\"errorMessage\":\"2025-03-31T12:30:12.428Z d608d186-c5d3-4b75-817e-47a8c50aaff9 Task timed out after 1.06 seconds\"}",
  "lambdaLog": "\\n{\"errorMessage\":\"2025-03-31T12:30:12.428Z d608d186-c5d3-4b75-817e-47a8c50aaff9 Task timed out after 1.06 seconds\"}",
  "timestamp": 11700
}
{
  "sandboxLog": "\\n{\"errorMessage\":\"2025-03-31T12:30:13.508Z 4151f00e-18b4-40a9-94a5-1c58efc32e0e Task timed out after 1.03 seconds\"}",
  "lambdaLog": "\\n{\"errorMessage\":\"2025-03-31T12:30:13.508Z 4151f00e-18b4-40a9-94a5-1c58efc32e0e Task timed out after 1.03 seconds\"}",
  "timestamp": 11800
}
{
  "sandboxLog": "\\n{\"errorMessage\":\"2025-03-31T12:30:14.708Z c8cdc001-ecf4-460d-8825-f3629ea4fa7a Task timed out after 1.13 seconds\"}",
  "lambdaLog": "\\n{\"errorMessage\":\"2025-03-31T12:30:14.708Z c8cdc001-ecf4-460d-8825-f3629ea4fa7a Task timed out after 1.13 seconds\"}",
  "timestamp": 11900
}
{
  "sandboxLog": "\\n{\"errorMessage\":\"2025-03-31T12:30:15.828Z 6d868e78-9d2c-4309-8b6c-188339bb84b2 Task timed out after 1.06 seconds\"}",
  "lambdaLog": "\\n{\"errorMessage\":\"2025-03-31T12:30:15.828Z 6d868e78-9d2c-4309-8b6c-188339bb84b2 Task timed out after 1.06 seconds\"}",
  "timestamp": 12000
}
{
  "sandboxLog": "\\n{\"errorMessage\":\"2025-03-31T12:30:16.908Z 876e8ad7-9c76-42dc-976a-034a516b6651 Task timed out after 1.04 seconds\"}",
  "lambdaLog": "\\n{\"errorMessage\":\"2025-03-31T12:30:16.908Z 876e8ad7-9c76-42dc-976a-034a516b6651 Task timed out after 1.04 seconds\"}",
  "timestamp": 12100
}
{
  "sandboxLog": "\\n{\"errorMessage\":\"2025-03-31T12:30:17.987Z bf379485-f16c-4a48-b9c2-f775214c8de5 Task timed out after 1.04 seconds\"}",
  "lambdaLog": "\\n{\"errorMessage\":\"2025-03-31T12:30:17.987Z bf379485-f16c-4a48-b9c2-f775214c8de5 Task timed out after 1.04 seconds\"}",
  "timestamp": 12200
}
{
  "sandboxLog": "\\n{\"errorMessage\":\"2025-03-31T12:30:19.107Z 7d1b010c-0f23-4e5f-9be8-752831ac656a Task timed out after 1.06 seconds\"}",
  "lambdaLog": "\\n{\"errorMessage\":\"2025-03-31T12:30:19.107Z 7d1b010c-0f23-4e5f-9be8-752831ac656a Task timed out after 1.06 seconds\"}",
  "timestamp": 12300
}
{
  "sandboxLog": "\\n{\"errorMessage\":\"2025-03-31T12:30:20.231Z a0516b3b-2794-46b3-99ab-d4313acba274 Task timed out after 1.08 seconds\"}",
  "lambdaLog": "\\n{\"errorMessage\":\"2025-03-31T12:30:20.231Z a0516b3b-2794-46b3-99ab-d4313acba274 Task timed out after 1.08 seconds\"}",
  "timestamp": 12400
}
{
  "sandboxLog": "\\n{\"errorMessage\":\"2025-03-31T12:30:21.389Z 675a56c5-eab7-449d-a1b0-792703639d0d Task timed out after 1.06 seconds\"}",
  "lambdaLog": "\\n{\"errorMessage\":\"2025-03-31T12:30:21.389Z 675a56c5-eab7-449d-a1b0-792703639d0d Task timed out after 1.06 seconds\"}",
  "timestamp": 12500
}
{
  "sandboxLog": "\\n{\"errorMessage\":\"2025-03-31T12:30:22.507Z b3709e73-41a5-4e2b-963f-07316e136710 Task timed out after 1.06 seconds\"}",
  "lambdaLog": "\\n{\"errorMessage\":\"2025-03-31T12:30:22.507Z b3709e73-41a5-4e2b-963f-07316e136710 Task timed out after 1.06 seconds\"}",
  "timestamp": 12600
}
{
  "sandboxLog": "\\n{\"errorMessage\":\"2025-03-31T12:30:23.568Z 04bf93d0-b380-43dc-958e-06d3511eb116 Task timed out after 1.02 seconds\"}",
  "lambdaLog": "\\n{\"errorMessage\":\"2025-03-31T12:30:23.568Z 04bf93d0-b380-43dc-958e-06d3511eb116 Task timed out after 1.02 seconds\"}",
  "timestamp": 12700
}
{
  "sandboxLog": "\\n{\"errorMessage\":\"2025-03-31T12:30:24.687Z 62473390-aade-4777-a51c-ce47502ddd51 Task timed out after 1.06 seconds\"}",
  "lambdaLog": "\\n{\"errorMessage\":\"2025-03-31T12:30:24.687Z 62473390-aade-4777-a51c-ce47502ddd51 Task timed out after 1.06 seconds\"}",
  "timestamp": 12800
}
{
  "sandboxLog": "\\n{\"errorMessage\":\"2025-03-31T12:30:25.768Z 87001d05-f828-461c-9d3f-78decdaa0eb4 Task timed out after 1.03 seconds\"}",
  "lambdaLog": "\\n{\"errorMessage\":\"2025-03-31T12:30:25.768Z 87001d05-f828-461c-9d3f-78decdaa0eb4 Task timed out after 1.03 seconds\"}",
  "timestamp": 12900
}
{
  "sandboxLog": "\\n{\"errorMessage\":\"2025-03-31T12:30:26.848Z 9c0d6af3-ab98-4b4a-8129-672268550b20 Task timed out after 1.03 seconds\"}",
  "lambdaLog": "\\n{\"errorMessage\":\"2025-03-31T12:30:26.848Z 9c0d6af3-ab98-4b4a-8129-672268550b20 Task timed out after 1.03 seconds\"}",
  "timestamp": 13000
}
{
  "sandboxLog": "\\n{\"errorMessage\":\"2025-03-31T12:30:28.009Z 24396c07-cdd1-44dc-b3a5-895f32e0f8c3 Task timed out after 1.08 seconds\"}",
  "lambdaLog": "\\n{\"errorMessage\":\"2025-03-31T12:30:28.009Z 24396c07-cdd1-44dc-b3a5-895f32e0f8c3 Task timed out after 1.08 seconds\"}",
  "timestamp": 13100
}
{
  "sandboxLog": "\\n{\"errorMessage\":\"2025-03-31T12:30:29.387Z 4385f157-0143-40bf-8695-71177d1c1c04 Task timed out after 1.32 seconds\"}",
  "lambdaLog": "\\n{\"errorMessage\":\"2025-03-31T12:30:29.387Z 4385f157-0143-40bf-8695-71177d1c1c04 Task timed out after 1.32 seconds\"}",
  "timestamp": 13200
}
{
  "sandboxLog": "\\n{\"errorMessage\":\"2025-03-31T12:30:30.627Z 84513843-c375-4fdb-ab87-3ae2e836c567 Task timed out after 1.20 seconds\"}",
  "lambdaLog": "\\n{\"errorMessage\":\"2025-03-31T12:30:30.627Z 84513843-c375-4fdb-ab87-3ae2e836c567 Task timed out after 1.20 seconds\"}",
  "timestamp": 13300
}
{
  "sandboxLog": "\\n{\"errorMessage\":\"2025-03-31T12:30:31.708Z 4fe144c6-466d-4d60-8fcd-e413eb0670af Task timed out after 1.03 seconds\"}",
  "lambdaLog": "\\n{\"errorMessage\":\"2025-03-31T12:30:31.708Z 4fe144c6-466d-4d60-8fcd-e413eb0670af Task timed out after 1.03 seconds\"}",
  "timestamp": 13400
}
{
  "sandboxLog": "\\n{\"errorMessage\":\"2025-03-31T12:30:32.788Z 9b9337ba-f99c-4cf1-9fa3-5bc9e1915e0c Task timed out after 1.03 seconds\"}",
  "lambdaLog": "\\n{\"errorMessage\":\"2025-03-31T12:30:32.788Z 9b9337ba-f99c-4cf1-9fa3-5bc9e1915e0c Task timed out after 1.03 seconds\"}",
  "timestamp": 13500
}
{
  "sandboxLog": "\\n{\"errorMessage\":\"2025-03-31T12:30:33.908Z 71c312b0-570a-44ad-993e-1a51dbb3c6d2 Task timed out after 1.05 seconds\"}",
  "lambdaLog": "\\n{\"errorMessage\":\"2025-03-31T12:30:33.908Z 71c312b0-570a-44ad-993e-1a51dbb3c6d2 Task timed out after 1.05 seconds\"}",
  "timestamp": 13600
}
{
  "sandboxLog": "\\n{\"errorMessage\":\"2025-03-31T12:30:35.087Z 9165aa5d-d292-49cb-b697-e3d18c9059a7 Task timed out after 1.12 seconds\"}",
  "lambdaLog": "\\n{\"errorMessage\":\"2025-03-31T12:30:35.087Z 9165aa5d-d292-49cb-b697-e3d18c9059a7 Task timed out after 1.12 seconds\"}",
  "timestamp": 13700
}
{
  "sandboxLog": "\\n{\"errorMessage\":\"2025-03-31T12:30:36.228Z fea5dd32-9a8a-4a49-9556-64a342054d16 Task timed out after 1.10 seconds\"}",
  "lambdaLog": "\\n{\"errorMessage\":\"2025-03-31T12:30:36.228Z fea5dd32-9a8a-4a49-9556-64a342054d16 Task timed out after 1.10 seconds\"}",
  "timestamp": 13800
}
{
  "sandboxLog": "\\n{\"errorMessage\":\"2025-03-31T12:30:37.329Z e713cef6-6e57-43a6-9dfc-58c22686b313 Task timed out after 1.04 seconds\"}",
  "lambdaLog": "\\n{\"errorMessage\":\"2025-03-31T12:30:37.329Z e713cef6-6e57-43a6-9dfc-58c22686b313 Task timed out after 1.04 seconds\"}",
  "timestamp": 13900
}
{
  "sandboxLog": "\\n{\"errorMessage\":\"2025-03-31T12:30:38.628Z 2f2c7f2c-c823-4a8a-9f70-ee901819c104 Task timed out after 1.24 seconds\"}",
  "lambdaLog": "\\n{\"errorMessage\":\"2025-03-31T12:30:38.628Z 2f2c7f2c-c823-4a8a-9f70-ee901819c104 Task timed out after 1.24 seconds\"}",
  "timestamp": 14000
}
{
  "sandboxLog": "\\n{\"errorMessage\":\"2025-03-31T12:30:39.887Z 84c09400-af8c-45fe-8e0e-c4e79dfb0095 Task timed out after 1.23 seconds\"}",
  "lambdaLog": "\\n{\"errorMessage\":\"2025-03-31T12:30:39.887Z 84c09400-af8c-45fe-8e0e-c4e79dfb0095 Task timed out after 1.23 seconds\"}",
  "timestamp": 14100
}
{
  "sandboxLog": "\\n{\"errorMessage\":\"2025-03-31T12:30:41.047Z 2be71af3-6989-4391-9cc3-c029e876fe5f Task timed out after 1.12 seconds\"}",
  "lambdaLog": "\\n{\"errorMessage\":\"2025-03-31T12:30:41.047Z 2be71af3-6989-4391-9cc3-c029e876fe5f Task timed out after 1.12 seconds\"}",
  "timestamp": 14200
}
{
  "sandboxLog": "\\n{\"errorMessage\":\"2025-03-31T12:30:42.147Z 357f913a-9297-429f-b6e7-f2524ee96c68 Task timed out after 1.07 seconds\"}",
  "lambdaLog": "\\n{\"errorMessage\":\"2025-03-31T12:30:42.147Z 357f913a-9297-429f-b6e7-f2524ee96c68 Task timed out after 1.07 seconds\"}",
  "timestamp": 14300
}
{
  "sandboxLog": "\\n{\"errorMessage\":\"2025-03-31T12:30:43.248Z 92db5e6d-f322-4624-9b11-e78cb4837bad Task timed out after 1.05 seconds\"}",
  "lambdaLog": "\\n{\"errorMessage\":\"2025-03-31T12:30:43.248Z 92db5e6d-f322-4624-9b11-e78cb4837bad Task timed out after 1.05 seconds\"}",
  "timestamp": 14400
}
{
  "sandboxLog": "\\n{\"errorMessage\":\"2025-03-31T12:30:44.308Z f1c1f9b8-abef-4d86-a70a-b645c6a4d2fa Task timed out after 1.02 seconds\"}",
  "lambdaLog": "\\n{\"errorMessage\":\"2025-03-31T12:30:44.308Z f1c1f9b8-abef-4d86-a70a-b645c6a4d2fa Task timed out after 1.02 seconds\"}",
  "timestamp": 14500
}
{
  "sandboxLog": "\\n{\"errorMessage\":\"2025-03-31T12:30:45.448Z 509386a3-8258-46a5-9c20-faa9ae2d2d71 Task timed out after 1.08 seconds\"}",
  "lambdaLog": "\\n{\"errorMessage\":\"2025-03-31T12:30:45.448Z 509386a3-8258-46a5-9c20-faa9ae2d2d71 Task timed out after 1.08 seconds\"}",
  "timestamp": 14600
}
{
  "sandboxLog": "\\n{\"errorMessage\":\"2025-03-31T12:30:46.548Z bf91e379-3c62-4bb1-ad09-f4ce014a2db1 Task timed out after 1.06 seconds\"}",
  "lambdaLog": "\\n{\"errorMessage\":\"2025-03-31T12:30:46.548Z bf91e379-3c62-4bb1-ad09-f4ce014a2db1 Task timed out after 1.06 seconds\"}",
  "timestamp": 14700
}
{
  "sandboxLog": "\\n{\"errorMessage\":\"2025-03-31T12:30:47.648Z 0ef737b5-ba69-433b-bae6-116c71a45e40 Task timed out after 1.06 seconds\"}",
  "lambdaLog": "\\n{\"errorMessage\":\"2025-03-31T12:30:47.648Z 0ef737b5-ba69-433b-bae6-116c71a45e40 Task timed out after 1.06 seconds\"}",
  "timestamp": 14800
}
{
  "sandboxLog": "\\n{\"errorMessage\":\"2025-03-31T12:30:48.729Z d2b2bd1b-e2d6-4145-b5d7-681155cbd61f Task timed out after 1.04 seconds\"}",
  "lambdaLog": "\\n{\"errorMessage\":\"2025-03-31T12:30:48.729Z d2b2bd1b-e2d6-4145-b5d7-681155cbd61f Task timed out after 1.04 seconds\"}",
  "timestamp": 14900
}
{
  "sandboxLog": "\\n{\"errorMessage\":\"2025-03-31T12:30:49.808Z d967a76b-d284-4a02-8847-0ec6c84b5e6e Task timed out after 1.04 seconds\"}",
  "lambdaLog": "\\n{\"errorMessage\":\"2025-03-31T12:30:49.808Z d967a76b-d284-4a02-8847-0ec6c84b5e6e Task timed out after 1.04 seconds\"}",
  "timestamp": 15000
}
{
  "sandboxLog": "\\n{\"errorMessage\":\"2025-03-31T12:30:50.908Z 3ea02330-3ae5-4118-8a67-f0b59544744c Task timed out after 1.06 seconds\"}",
  "lambdaLog": "\\n{\"errorMessage\":\"2025-03-31T12:30:50.908Z 3ea02330-3ae5-4118-8a67-f0b59544744c Task timed out after 1.06 seconds\"}",
  "timestamp": 15100
}
{
  "sandboxLog": "\\n{\"errorMessage\":\"2025-03-31T12:30:51.988Z ddc524aa-d7e5-4da8-8d59-cbe495f93e74 Task timed out after 1.04 seconds\"}",
  "lambdaLog": "\\n{\"errorMessage\":\"2025-03-31T12:30:51.988Z ddc524aa-d7e5-4da8-8d59-cbe495f93e74 Task timed out after 1.04 seconds\"}",
  "timestamp": 15200
}
{
  "sandboxLog": "\\n{\"errorMessage\":\"2025-03-31T12:30:53.088Z e8293f9b-590f-489f-bec9-1ee79107f9bd Task timed out after 1.04 seconds\"}",
  "lambdaLog": "\\n{\"errorMessage\":\"2025-03-31T12:30:53.088Z e8293f9b-590f-489f-bec9-1ee79107f9bd Task timed out after 1.04 seconds\"}",
  "timestamp": 15300
}
{
  "sandboxLog": "\\n{\"errorMessage\":\"2025-03-31T12:30:54.188Z eff8912b-e167-4d38-bdd0-ab0bd4b2da52 Task timed out after 1.06 seconds\"}",
  "lambdaLog": "\\n{\"errorMessage\":\"2025-03-31T12:30:54.188Z eff8912b-e167-4d38-bdd0-ab0bd4b2da52 Task timed out after 1.06 seconds\"}",
  "timestamp": 15400
}
{
  "sandboxLog": "\\n{\"errorMessage\":\"2025-03-31T12:30:55.308Z 0a7c336a-7827-4cfe-8ba5-319842bfb1ae Task timed out after 1.06 seconds\"}",
  "lambdaLog": "\\n{\"errorMessage\":\"2025-03-31T12:30:55.308Z 0a7c336a-7827-4cfe-8ba5-319842bfb1ae Task timed out after 1.06 seconds\"}",
  "timestamp": 15500
}
{
  "sandboxLog": "\\n{\"errorMessage\":\"2025-03-31T12:30:57.007Z 00d315d2-db37-466e-b8fb-555a98eb92a0 Task timed out after 1.65 seconds\"}",
  "lambdaLog": "\\n{\"errorMessage\":\"2025-03-31T12:30:57.007Z 00d315d2-db37-466e-b8fb-555a98eb92a0 Task timed out after 1.65 seconds\"}",
  "timestamp": 15600
}
{
  "sandboxLog": "\\n{\"errorMessage\":\"2025-03-31T12:30:58.108Z 41f9f3db-3fc1-4c2d-8b1e-b6cdff8a4ef3 Task timed out after 1.04 seconds\"}",
  "lambdaLog": "\\n{\"errorMessage\":\"2025-03-31T12:30:58.108Z 41f9f3db-3fc1-4c2d-8b1e-b6cdff8a4ef3 Task timed out after 1.04 seconds\"}",
  "timestamp": 15700
}
{
  "sandboxLog": "\\n{\"errorMessage\":\"2025-03-31T12:30:59.247Z 234c1947-4c03-42f0-bbe0-731128b2b95f Task timed out after 1.08 seconds\"}",
  "lambdaLog": "\\n{\"errorMessage\":\"2025-03-31T12:30:59.247Z 234c1947-4c03-42f0-bbe0-731128b2b95f Task timed out after 1.08 seconds\"}",
  "timestamp": 15800
}
{
  "sandboxLog": "\\n{\"errorMessage\":\"2025-03-31T12:31:00.348Z 02b661d3-0b0d-47e4-87a2-1ea57c85af3a Task timed out after 1.06 seconds\"}",
  "lambdaLog": "\\n{\"errorMessage\":\"2025-03-31T12:31:00.348Z 02b661d3-0b0d-47e4-87a2-1ea57c85af3a Task timed out after 1.06 seconds\"}",
  "timestamp": 15900
}
{
  "sandboxLog": "\\n{\"errorMessage\":\"2025-03-31T12:31:01.447Z 04eb0066-27c8-46a8-a474-62d6b12d6961 Task timed out after 1.06 seconds\"}",
  "lambdaLog": "\\n{\"errorMessage\":\"2025-03-31T12:31:01.447Z 04eb0066-27c8-46a8-a474-62d6b12d6961 Task timed out after 1.06 seconds\"}",
  "timestamp": 16000
}
{
  "sandboxLog": "\\n{\"errorMessage\":\"2025-03-31T12:31:02.588Z bdd5ce50-13ca-4bad-87df-3a448a7c8f98 Task timed out after 1.08 seconds\"}",
  "lambdaLog": "\\n{\"errorMessage\":\"2025-03-31T12:31:02.588Z bdd5ce50-13ca-4bad-87df-3a448a7c8f98 Task timed out after 1.08 seconds\"}",
  "timestamp": 16100
}
{
  "sandboxLog": "\\n{\"errorMessage\":\"2025-03-31T12:31:03.828Z 6109d0c7-97cb-4540-b78d-dad8dc8676c1 Task timed out after 1.19 seconds\"}",
  "lambdaLog": "\\n{\"errorMessage\":\"2025-03-31T12:31:03.828Z 6109d0c7-97cb-4540-b78d-dad8dc8676c1 Task timed out after 1.19 seconds\"}",
  "timestamp": 16200
}
{
  "sandboxLog": "\\n{\"errorMessage\":\"2025-03-31T12:31:04.968Z 92826e6c-518e-4730-85be-b70a57a0bd86 Task timed out after 1.10 seconds\"}",
  "lambdaLog": "\\n{\"errorMessage\":\"2025-03-31T12:31:04.968Z 92826e6c-518e-4730-85be-b70a57a0bd86 Task timed out after 1.10 seconds\"}",
  "timestamp": 16300
}
{
  "sandboxLog": "\\n{\"errorMessage\":\"2025-03-31T12:31:06.069Z 7a221065-c578-4b77-8dc8-514f539ba10f Task timed out after 1.06 seconds\"}",
  "lambdaLog": "\\n{\"errorMessage\":\"2025-03-31T12:31:06.069Z 7a221065-c578-4b77-8dc8-514f539ba10f Task timed out after 1.06 seconds\"}",
  "timestamp": 16400
}
{
  "sandboxLog": "\\n{\"errorMessage\":\"2025-03-31T12:31:07.167Z be2c1f3b-b601-4343-9952-2ae5406b4d9d Task timed out after 1.05 seconds\"}",
  "lambdaLog": "\\n{\"errorMessage\":\"2025-03-31T12:31:07.167Z be2c1f3b-b601-4343-9952-2ae5406b4d9d Task timed out after 1.05 seconds\"}",
  "timestamp": 16500
}
{
  "sandboxLog": "\\n{\"errorMessage\":\"2025-03-31T12:31:08.271Z 00cf44d0-6806-4317-9e92-efafdd36b43a Task timed out after 1.06 seconds\"}",
  "lambdaLog": "\\n{\"errorMessage\":\"2025-03-31T12:31:08.271Z 00cf44d0-6806-4317-9e92-efafdd36b43a Task timed out after 1.06 seconds\"}",
  "timestamp": 16600
}
{
  "sandboxLog": "\\n{\"errorMessage\":\"2025-03-31T12:31:09.389Z b7a5b817-01d1-46db-9f4b-293755e0ae6f Task timed out after 1.05 seconds\"}",
  "lambdaLog": "\\n{\"errorMessage\":\"2025-03-31T12:31:09.389Z b7a5b817-01d1-46db-9f4b-293755e0ae6f Task timed out after 1.05 seconds\"}",
  "timestamp": 16700
}
{
  "sandboxLog": "\\n{\"errorMessage\":\"2025-03-31T12:31:10.550Z a944855f-e078-4109-bce1-a4bc8521190e Task timed out after 1.12 seconds\"}",
  "lambdaLog": "\\n{\"errorMessage\":\"2025-03-31T12:31:10.550Z a944855f-e078-4109-bce1-a4bc8521190e Task timed out after 1.12 seconds\"}",
  "timestamp": 16800
}
{
  "sandboxLog": "\\n{\"errorMessage\":\"2025-03-31T12:31:11.687Z ccbbd49a-3f26-438f-bcdc-77e4e930cf64 Task timed out after 1.06 seconds\"}",
  "lambdaLog": "\\n{\"errorMessage\":\"2025-03-31T12:31:11.687Z ccbbd49a-3f26-438f-bcdc-77e4e930cf64 Task timed out after 1.06 seconds\"}",
  "timestamp": 16900
}
{
  "sandboxLog": "\\n{\"errorMessage\":\"2025-03-31T12:31:12.789Z aead8da6-7f65-40fd-9a53-4d999b55a914 Task timed out after 1.04 seconds\"}",
  "lambdaLog": "\\n{\"errorMessage\":\"2025-03-31T12:31:12.789Z aead8da6-7f65-40fd-9a53-4d999b55a914 Task timed out after 1.04 seconds\"}",
  "timestamp": 17000
}
{
  "sandboxLog": "\\n{\"errorMessage\":\"2025-03-31T12:31:13.852Z 8837da2f-d144-4668-9212-5cf141765799 Task timed out after 1.01 seconds\"}",
  "lambdaLog": "\\n{\"errorMessage\":\"2025-03-31T12:31:13.852Z 8837da2f-d144-4668-9212-5cf141765799 Task timed out after 1.01 seconds\"}",
  "timestamp": 17100
}
{
  "sandboxLog": "\\n{\"errorMessage\":\"2025-03-31T12:31:15.188Z c4a29724-57f3-49a4-a9ce-ddd809158697 Task timed out after 1.22 seconds\"}",
  "lambdaLog": "\\n{\"errorMessage\":\"2025-03-31T12:31:15.188Z c4a29724-57f3-49a4-a9ce-ddd809158697 Task timed out after 1.22 seconds\"}",
  "timestamp": 17200
}
{
  "sandboxLog": "\\n{\"errorMessage\":\"2025-03-31T12:31:16.327Z d5759780-15f6-4fc6-a35e-d1ccb26cbc2f Task timed out after 1.07 seconds\"}",
  "lambdaLog": "\\n{\"errorMessage\":\"2025-03-31T12:31:16.327Z d5759780-15f6-4fc6-a35e-d1ccb26cbc2f Task timed out after 1.07 seconds\"}",
  "timestamp": 17300
}
{
  "sandboxLog": "\\n{\"errorMessage\":\"2025-03-31T12:31:17.447Z 82ff3c56-29ed-49cb-a6f5-d562e6121c5b Task timed out after 1.08 seconds\"}",
  "lambdaLog": "\\n{\"errorMessage\":\"2025-03-31T12:31:17.447Z 82ff3c56-29ed-49cb-a6f5-d562e6121c5b Task timed out after 1.08 seconds\"}",
  "timestamp": 17400
}
{
  "sandboxLog": "\\n{\"errorMessage\":\"2025-03-31T12:31:18.508Z fc5049dc-c726-42b3-9600-3e34d74e05cc Task timed out after 1.04 seconds\"}",
  "lambdaLog": "\\n{\"errorMessage\":\"2025-03-31T12:31:18.508Z fc5049dc-c726-42b3-9600-3e34d74e05cc Task timed out after 1.04 seconds\"}",
  "timestamp": 17500
}
{
  "sandboxLog": "\\n{\"errorMessage\":\"2025-03-31T12:31:19.689Z 22132c41-7e78-436c-9bf5-fcc66ae21d48 Task timed out after 1.14 seconds\"}",
  "lambdaLog": "\\n{\"errorMessage\":\"2025-03-31T12:31:19.689Z 22132c41-7e78-436c-9bf5-fcc66ae21d48 Task timed out after 1.14 seconds\"}",
  "timestamp": 17600
}
{
  "sandboxLog": "\\n{\"errorMessage\":\"2025-03-31T12:31:20.889Z 37954e4c-0c8f-4ff6-9a29-9b85fdb314c8 Task timed out after 1.12 seconds\"}",
  "lambdaLog": "\\n{\"errorMessage\":\"2025-03-31T12:31:20.889Z 37954e4c-0c8f-4ff6-9a29-9b85fdb314c8 Task timed out after 1.12 seconds\"}",
  "timestamp": 17700
}
{
  "sandboxLog": "\\n{\"errorMessage\":\"2025-03-31T12:31:22.008Z 9f4dfd91-9b57-446d-8f05-29beae0c37f2 Task timed out after 1.04 seconds\"}",
  "lambdaLog": "\\n{\"errorMessage\":\"2025-03-31T12:31:22.008Z 9f4dfd91-9b57-446d-8f05-29beae0c37f2 Task timed out after 1.04 seconds\"}",
  "timestamp": 17800
}
{
  "sandboxLog": "\\n{\"errorMessage\":\"2025-03-31T12:31:23.129Z 52691fbd-28a1-4f27-b229-5e36f6e74232 Task timed out after 1.07 seconds\"}",
  "lambdaLog": "\\n{\"errorMessage\":\"2025-03-31T12:31:23.129Z 52691fbd-28a1-4f27-b229-5e36f6e74232 Task timed out after 1.07 seconds\"}",
  "timestamp": 17900
}
{
  "sandboxLog": "\\n{\"errorMessage\":\"2025-03-31T12:31:24.208Z 596f756b-dcf2-4b39-b7ce-cb4585e7e68e Task timed out after 1.02 seconds\"}",
  "lambdaLog": "\\n{\"errorMessage\":\"2025-03-31T12:31:24.208Z 596f756b-dcf2-4b39-b7ce-cb4585e7e68e Task timed out after 1.02 seconds\"}",
  "timestamp": 18000
}
{
  "sandboxLog": "\\n{\"errorMessage\":\"2025-03-31T12:31:25.289Z 8a3005d6-255e-48d7-a6ae-852f0662dee3 Task timed out after 1.02 seconds\"}",
  "lambdaLog": "\\n{\"errorMessage\":\"2025-03-31T12:31:25.289Z 8a3005d6-255e-48d7-a6ae-852f0662dee3 Task timed out after 1.02 seconds\"}",
  "timestamp": 18100
}
{
  "sandboxLog": "\\n{\"errorMessage\":\"2025-03-31T12:31:26.389Z c6085025-782a-4209-bbd3-8fa3f5a12e12 Task timed out after 1.04 seconds\"}",
  "lambdaLog": "\\n{\"errorMessage\":\"2025-03-31T12:31:26.389Z c6085025-782a-4209-bbd3-8fa3f5a12e12 Task timed out after 1.04 seconds\"}",
  "timestamp": 18200
}
{
  "sandboxLog": "\\n{\"errorMessage\":\"2025-03-31T12:31:27.651Z 8f365d27-1f76-4443-8b55-d8de5decfe48 Task timed out after 1.20 seconds\"}",
  "lambdaLog": "\\n{\"errorMessage\":\"2025-03-31T12:31:27.651Z 8f365d27-1f76-4443-8b55-d8de5decfe48 Task timed out after 1.20 seconds\"}",
  "timestamp": 18300
}
{
  "sandboxLog": "\\n{\"errorMessage\":\"2025-03-31T12:31:28.730Z 16e44dda-1a6e-481b-85b6-f8646d4e17d9 Task timed out after 1.01 seconds\"}",
  "lambdaLog": "\\n{\"errorMessage\":\"2025-03-31T12:31:28.730Z 16e44dda-1a6e-481b-85b6-f8646d4e17d9 Task timed out after 1.01 seconds\"}",
  "timestamp": 18400
}
{
  "sandboxLog": "\\n{\"errorMessage\":\"2025-03-31T12:31:29.869Z 394f14c5-46a5-4e15-9d34-eca77a32c91a Task timed out after 1.10 seconds\"}",
  "lambdaLog": "\\n{\"errorMessage\":\"2025-03-31T12:31:29.869Z 394f14c5-46a5-4e15-9d34-eca77a32c91a Task timed out after 1.10 seconds\"}",
  "timestamp": 18500
}
{
  "sandboxLog": "\\n{\"errorMessage\":\"2025-03-31T12:31:30.988Z f41b68f4-d501-44df-8374-2ce288a3aba9 Task timed out after 1.06 seconds\"}",
  "lambdaLog": "\\n{\"errorMessage\":\"2025-03-31T12:31:30.988Z f41b68f4-d501-44df-8374-2ce288a3aba9 Task timed out after 1.06 seconds\"}",
  "timestamp": 18600
}
{
  "sandboxLog": "\\n{\"errorMessage\":\"2025-03-31T12:31:32.049Z a7e8d280-b324-482a-9f5e-3c5ae4fe5a9a Task timed out after 1.01 seconds\"}",
  "lambdaLog": "\\n{\"errorMessage\":\"2025-03-31T12:31:32.049Z a7e8d280-b324-482a-9f5e-3c5ae4fe5a9a Task timed out after 1.01 seconds\"}",
  "timestamp": 18700
}
{
  "sandboxLog": "\\n{\"errorMessage\":\"2025-03-31T12:31:33.227Z 6ca34aa2-1ec6-41fc-ae22-003bb76e388b Task timed out after 1.11 seconds\"}",
  "lambdaLog": "\\n{\"errorMessage\":\"2025-03-31T12:31:33.227Z 6ca34aa2-1ec6-41fc-ae22-003bb76e388b Task timed out after 1.11 seconds\"}",
  "timestamp": 18800
}
{
  "sandboxLog": "\\n{\"errorMessage\":\"2025-03-31T12:31:34.328Z 44a9efe3-7013-413c-9a98-a8fea011b7a1 Task timed out after 1.04 seconds\"}",
  "lambdaLog": "\\n{\"errorMessage\":\"2025-03-31T12:31:34.328Z 44a9efe3-7013-413c-9a98-a8fea011b7a1 Task timed out after 1.04 seconds\"}",
  "timestamp": 18900
}
{
  "sandboxLog": "\\n{\"errorMessage\":\"2025-03-31T12:31:35.547Z 615d92e2-74f7-45ba-aaa8-499c9e1dfd25 Task timed out after 1.15 seconds\"}",
  "lambdaLog": "\\n{\"errorMessage\":\"2025-03-31T12:31:35.547Z 615d92e2-74f7-45ba-aaa8-499c9e1dfd25 Task timed out after 1.15 seconds\"}",
  "timestamp": 19000
}
{
  "sandboxLog": "\\n{\"errorMessage\":\"2025-03-31T12:31:36.667Z a985fd67-232f-40a2-a52e-72353df306a2 Task timed out after 1.08 seconds\"}",
  "lambdaLog": "\\n{\"errorMessage\":\"2025-03-31T12:31:36.667Z a985fd67-232f-40a2-a52e-72353df306a2 Task timed out after 1.08 seconds\"}",
  "timestamp": 19100
}
{
  "sandboxLog": "\\n{\"errorMessage\":\"2025-03-31T12:31:37.715Z 214d130e-48a2-4334-b31e-be3041bd152e Task timed out after 1.00 seconds\"}",
  "lambdaLog": "\\n{\"errorMessage\":\"2025-03-31T12:31:37.715Z 214d130e-48a2-4334-b31e-be3041bd152e Task timed out after 1.00 seconds\"}",
  "timestamp": 19200
}
{
  "sandboxLog": "\\n{\"errorMessage\":\"2025-03-31T12:31:38.827Z 79df52c7-429d-4bdf-82df-a9156bda8ecd Task timed out after 1.07 seconds\"}",
  "lambdaLog": "\\n{\"errorMessage\":\"2025-03-31T12:31:38.827Z 79df52c7-429d-4bdf-82df-a9156bda8ecd Task timed out after 1.07 seconds\"}",
  "timestamp": 19300
}
{
  "sandboxLog": "\\n{\"errorMessage\":\"2025-03-31T12:31:39.968Z 52676ead-7bf5-4e48-98ad-1d783ab0c5b8 Task timed out after 1.10 seconds\"}",
  "lambdaLog": "\\n{\"errorMessage\":\"2025-03-31T12:31:39.968Z 52676ead-7bf5-4e48-98ad-1d783ab0c5b8 Task timed out after 1.10 seconds\"}",
  "timestamp": 19400
}
{
  "sandboxLog": "\\n{\"errorMessage\":\"2025-03-31T12:31:41.087Z d2920ce6-ee56-42a1-a61d-33447698fe21 Task timed out after 1.08 seconds\"}",
  "lambdaLog": "\\n{\"errorMessage\":\"2025-03-31T12:31:41.087Z d2920ce6-ee56-42a1-a61d-33447698fe21 Task timed out after 1.08 seconds\"}",
  "timestamp": 19500
}
{
  "sandboxLog": "\\n{\"errorMessage\":\"2025-03-31T12:31:42.189Z ababf5e0-e773-417e-8d94-12e8ea07fe5f Task timed out after 1.06 seconds\"}",
  "lambdaLog": "\\n{\"errorMessage\":\"2025-03-31T12:31:42.189Z ababf5e0-e773-417e-8d94-12e8ea07fe5f Task timed out after 1.06 seconds\"}",
  "timestamp": 19600
}
{
  "sandboxLog": "\\n{\"errorMessage\":\"2025-03-31T12:31:43.309Z 5fd8b681-1303-4b27-a8e2-6f6ea95c7da7 Task timed out after 1.06 seconds\"}",
  "lambdaLog": "\\n{\"errorMessage\":\"2025-03-31T12:31:43.309Z 5fd8b681-1303-4b27-a8e2-6f6ea95c7da7 Task timed out after 1.06 seconds\"}",
  "timestamp": 19700
}
{
  "sandboxLog": "\\n{\"errorMessage\":\"2025-03-31T12:31:44.508Z ce280106-9dcf-4d2b-9516-fd0a565a937c Task timed out after 1.14 seconds\"}",
  "lambdaLog": "\\n{\"errorMessage\":\"2025-03-31T12:31:44.508Z ce280106-9dcf-4d2b-9516-fd0a565a937c Task timed out after 1.14 seconds\"}",
  "timestamp": 19800
}
{
  "sandboxLog": "\\n{\"errorMessage\":\"2025-03-31T12:31:45.629Z 7fc40b50-65a6-4281-ab2d-c7644d4e207f Task timed out after 1.08 seconds\"}",
  "lambdaLog": "\\n{\"errorMessage\":\"2025-03-31T12:31:45.629Z 7fc40b50-65a6-4281-ab2d-c7644d4e207f Task timed out after 1.08 seconds\"}",
  "timestamp": 19900
}
{
  "sandboxLog": "\\n{\"errorMessage\":\"2025-03-31T12:31:46.868Z 8658a6db-f3ea-46b1-b7a0-f2fc53557a2e Task timed out after 1.03 seconds\"}",
  "lambdaLog": "\\n{\"errorMessage\":\"2025-03-31T12:31:46.868Z 8658a6db-f3ea-46b1-b7a0-f2fc53557a2e Task timed out after 1.03 seconds\"}",
  "timestamp": 20000
}
{
  "sandboxLog": "Lambda errors have reached maximum value for submission f88d479f-f739-4ca3-b348-00dda35df4c7",
  "lambdaLog": null,
  "timestamp": 29137
}



Activities log:
day;timestamp;product;bid_price_1;bid_volume_1;bid_price_2;bid_volume_2;bid_price_3;bid_volume_3;ask_price_1;ask_volume_1;ask_price_2;ask_volume_2;ask_price_3;ask_volume_3;mid_price;profit_and_loss




Trade History:
null